[2017-04-01 14:40:11,260]-[MainThread:9484]-[task_id:modules.utils]-[views.py:113]-[DEBUG]: source:
{'web_devteam': {'user_profiles': ['alex', 'rain']}}
[2017-04-01 14:40:11,260]-[MainThread:9484]-[task_id:modules.utils]-[views.py:115]-[DEBUG]: web_devteam:{'user_profiles': ['alex', 'rain']}
[2017-04-01 14:40:11,289]-[MainThread:9484]-[task_id:modules.utils]-[views.py:117]-[INFO]: web_devteam
[2017-04-01 14:40:11,297]-[MainThread:9484]-[task_id:sqlalchemy.engine.base.Engine]-[log.py:109]-[INFO]: SHOW VARIABLES LIKE 'sql_mode'
[2017-04-01 14:40:11,297]-[MainThread:9484]-[task_id:sqlalchemy.engine.base.Engine]-[log.py:109]-[INFO]: {}
[2017-04-01 14:40:11,301]-[MainThread:9484]-[task_id:sqlalchemy.engine.base.Engine]-[log.py:109]-[INFO]: SELECT DATABASE()
[2017-04-01 14:40:11,302]-[MainThread:9484]-[task_id:sqlalchemy.engine.base.Engine]-[log.py:109]-[INFO]: {}
[2017-04-01 14:40:11,303]-[MainThread:9484]-[task_id:sqlalchemy.engine.base.Engine]-[log.py:109]-[INFO]: show collation where `Charset` = 'utf8' and `Collation` = 'utf8_bin'
[2017-04-01 14:40:11,303]-[MainThread:9484]-[task_id:sqlalchemy.engine.base.Engine]-[log.py:109]-[INFO]: {}
[2017-04-01 14:40:11,306]-[MainThread:9484]-[task_id:sqlalchemy.engine.base.Engine]-[log.py:109]-[INFO]: SELECT CAST('test plain returns' AS CHAR(60)) AS anon_1
[2017-04-01 14:40:11,306]-[MainThread:9484]-[task_id:sqlalchemy.engine.base.Engine]-[log.py:109]-[INFO]: {}
[2017-04-01 14:40:11,307]-[MainThread:9484]-[task_id:sqlalchemy.engine.base.Engine]-[log.py:109]-[INFO]: SELECT CAST('test unicode returns' AS CHAR(60)) AS anon_1
[2017-04-01 14:40:11,307]-[MainThread:9484]-[task_id:sqlalchemy.engine.base.Engine]-[log.py:109]-[INFO]: {}
[2017-04-01 14:40:11,308]-[MainThread:9484]-[task_id:sqlalchemy.engine.base.Engine]-[log.py:109]-[INFO]: SELECT CAST('test collated returns' AS CHAR CHARACTER SET utf8) COLLATE utf8_bin AS anon_1
[2017-04-01 14:40:11,308]-[MainThread:9484]-[task_id:sqlalchemy.engine.base.Engine]-[log.py:109]-[INFO]: {}
[2017-04-01 14:40:11,310]-[MainThread:9484]-[task_id:sqlalchemy.engine.base.Engine]-[log.py:109]-[INFO]: BEGIN (implicit)
[2017-04-01 14:40:11,311]-[MainThread:9484]-[task_id:sqlalchemy.engine.base.Engine]-[log.py:109]-[INFO]: INSERT INTO host_group (name) VALUES (%(name)s)
[2017-04-01 14:40:11,311]-[MainThread:9484]-[task_id:sqlalchemy.engine.base.Engine]-[log.py:109]-[INFO]: {'name': 'web_devteam'}
[2017-04-01 14:40:11,312]-[MainThread:9484]-[task_id:sqlalchemy.engine.base.Engine]-[log.py:109]-[INFO]: COMMIT
[2017-04-01 14:40:11,355]-[MainThread:9484]-[task_id:modules.utils]-[views.py:127]-[INFO]: create groups sucess!
[2017-04-01 14:40:54,434]-[MainThread:9028]-[task_id:modules.utils]-[views.py:144]-[DEBUG]: source:
{'bind1': {'hostname': 'server1', 'remote_users': [{'username': 'root', 'password': 'Bw$Testsup', 'user1': None, 'auth_type': 'ssh-password'}, {'username': 'bwtest', 'user2': None, 'password': 'Bewinner', 'auth_type': 'ssh-password'}], 'user_profiles': ['alex', 'jack'], 'groups': ['web_devteam']}, 'bind2': {'hostname': 'server2', 'remote_users': [{'username': 'root', 'password': 'ydyy$Lsup', 'user1': None, 'auth_type': 'ssh-password'}], 'user_profiles': ['alex', 'jack'], 'groups': ['web_devteam']}}
[2017-04-01 14:40:54,435]-[MainThread:9028]-[task_id:modules.utils]-[views.py:146]-[DEBUG]: bind1:{'hostname': 'server1', 'remote_users': [{'username': 'root', 'password': 'Bw$Testsup', 'user1': None, 'auth_type': 'ssh-password'}, {'username': 'bwtest', 'user2': None, 'password': 'Bewinner', 'auth_type': 'ssh-password'}], 'user_profiles': ['alex', 'jack'], 'groups': ['web_devteam']}
[2017-04-01 14:40:54,472]-[MainThread:9028]-[task_id:sqlalchemy.engine.base.Engine]-[log.py:109]-[INFO]: SHOW VARIABLES LIKE 'sql_mode'
[2017-04-01 14:40:54,472]-[MainThread:9028]-[task_id:sqlalchemy.engine.base.Engine]-[log.py:109]-[INFO]: {}
[2017-04-01 14:40:54,474]-[MainThread:9028]-[task_id:sqlalchemy.engine.base.Engine]-[log.py:109]-[INFO]: SELECT DATABASE()
[2017-04-01 14:40:54,474]-[MainThread:9028]-[task_id:sqlalchemy.engine.base.Engine]-[log.py:109]-[INFO]: {}
[2017-04-01 14:40:54,476]-[MainThread:9028]-[task_id:sqlalchemy.engine.base.Engine]-[log.py:109]-[INFO]: show collation where `Charset` = 'utf8' and `Collation` = 'utf8_bin'
[2017-04-01 14:40:54,476]-[MainThread:9028]-[task_id:sqlalchemy.engine.base.Engine]-[log.py:109]-[INFO]: {}
[2017-04-01 14:40:54,503]-[MainThread:9028]-[task_id:sqlalchemy.engine.base.Engine]-[log.py:109]-[INFO]: SELECT CAST('test plain returns' AS CHAR(60)) AS anon_1
[2017-04-01 14:40:54,504]-[MainThread:9028]-[task_id:sqlalchemy.engine.base.Engine]-[log.py:109]-[INFO]: {}
[2017-04-01 14:40:54,505]-[MainThread:9028]-[task_id:sqlalchemy.engine.base.Engine]-[log.py:109]-[INFO]: SELECT CAST('test unicode returns' AS CHAR(60)) AS anon_1
[2017-04-01 14:40:54,506]-[MainThread:9028]-[task_id:sqlalchemy.engine.base.Engine]-[log.py:109]-[INFO]: {}
[2017-04-01 14:40:54,507]-[MainThread:9028]-[task_id:sqlalchemy.engine.base.Engine]-[log.py:109]-[INFO]: SELECT CAST('test collated returns' AS CHAR CHARACTER SET utf8) COLLATE utf8_bin AS anon_1
[2017-04-01 14:40:54,507]-[MainThread:9028]-[task_id:sqlalchemy.engine.base.Engine]-[log.py:109]-[INFO]: {}
[2017-04-01 14:40:54,508]-[MainThread:9028]-[task_id:sqlalchemy.engine.base.Engine]-[log.py:109]-[INFO]: BEGIN (implicit)
[2017-04-01 14:40:54,509]-[MainThread:9028]-[task_id:sqlalchemy.engine.base.Engine]-[log.py:109]-[INFO]: SELECT host.id AS host_id, host.hostname AS host_hostname, host.ip AS host_ip, host.port AS host_port 
FROM host 
WHERE host.hostname = %(hostname_1)s 
 LIMIT %(param_1)s
[2017-04-01 14:40:54,510]-[MainThread:9028]-[task_id:sqlalchemy.engine.base.Engine]-[log.py:109]-[INFO]: {'hostname_1': 'server1', 'param_1': 1}
[2017-04-01 14:40:54,511]-[MainThread:9028]-[task_id:modules.utils]-[views.py:149]-[DEBUG]: host_obj---
server1
[2017-04-01 14:40:54,511]-[MainThread:9028]-[task_id:modules.utils]-[views.py:152]-[DEBUG]: {'username': 'root', 'password': 'Bw$Testsup', 'user1': None, 'auth_type': 'ssh-password'}
[2017-04-01 14:40:54,513]-[MainThread:9028]-[task_id:sqlalchemy.engine.base.Engine]-[log.py:109]-[INFO]: SELECT remote_user.id AS remote_user_id, remote_user.auth_type AS remote_user_auth_type, remote_user.username AS remote_user_username, remote_user.password AS remote_user_password 
FROM remote_user 
WHERE remote_user.username = %(username_1)s AND remote_user.password = %(password_1)s 
 LIMIT %(param_1)s
[2017-04-01 14:40:54,513]-[MainThread:9028]-[task_id:sqlalchemy.engine.base.Engine]-[log.py:109]-[INFO]: {'password_1': 'Bw$Testsup', 'username_1': 'root', 'param_1': 1}
[2017-04-01 14:40:54,516]-[MainThread:9028]-[task_id:sqlalchemy.engine.base.Engine]-[log.py:109]-[INFO]: INSERT INTO bind_host (host_id, remoteuser_id) VALUES (%(host_id)s, %(remoteuser_id)s)
[2017-04-01 14:40:54,516]-[MainThread:9028]-[task_id:sqlalchemy.engine.base.Engine]-[log.py:109]-[INFO]: {'remoteuser_id': 1, 'host_id': 3}
[2017-04-01 14:40:54,518]-[MainThread:9028]-[task_id:sqlalchemy.engine.base.Engine]-[log.py:109]-[INFO]: SELECT host_group.id AS host_group_id, host_group.name AS host_group_name 
FROM host_group 
WHERE host_group.name IN (%(name_1)s)
[2017-04-01 14:40:54,518]-[MainThread:9028]-[task_id:sqlalchemy.engine.base.Engine]-[log.py:109]-[INFO]: {'name_1': 'web_devteam'}
[2017-04-01 14:40:54,519]-[MainThread:9028]-[task_id:modules.utils]-[views.py:173]-[INFO]: groups:[web_devteam]
[2017-04-01 14:40:54,521]-[MainThread:9028]-[task_id:sqlalchemy.engine.base.Engine]-[log.py:109]-[INFO]: SELECT host_group.id AS host_group_id, host_group.name AS host_group_name 
FROM host_group, bindhost_m2m_hostgroup 
WHERE %(param_1)s = bindhost_m2m_hostgroup.bindhost_id AND host_group.id = bindhost_m2m_hostgroup.hostgroup_id
[2017-04-01 14:40:54,521]-[MainThread:9028]-[task_id:sqlalchemy.engine.base.Engine]-[log.py:109]-[INFO]: {'param_1': 1}
[2017-04-01 14:40:54,524]-[MainThread:9028]-[task_id:sqlalchemy.engine.base.Engine]-[log.py:109]-[INFO]: INSERT INTO bindhost_m2m_hostgroup (bindhost_id, hostgroup_id) VALUES (%(bindhost_id)s, %(hostgroup_id)s)
[2017-04-01 14:40:54,525]-[MainThread:9028]-[task_id:sqlalchemy.engine.base.Engine]-[log.py:109]-[INFO]: {'hostgroup_id': 1, 'bindhost_id': 1}
[2017-04-01 14:40:54,526]-[MainThread:9028]-[task_id:sqlalchemy.engine.base.Engine]-[log.py:109]-[INFO]: SELECT user_profile.id AS user_profile_id, user_profile.username AS user_profile_username, user_profile.password AS user_profile_password 
FROM user_profile 
WHERE user_profile.username IN (%(username_1)s, %(username_2)s)
[2017-04-01 14:40:54,527]-[MainThread:9028]-[task_id:sqlalchemy.engine.base.Engine]-[log.py:109]-[INFO]: {'username_2': 'jack', 'username_1': 'alex'}
[2017-04-01 14:40:54,528]-[MainThread:9028]-[task_id:modules.utils]-[views.py:180]-[DEBUG]: [jack, alex]
[2017-04-01 14:40:54,528]-[MainThread:9028]-[task_id:modules.utils]-[views.py:182]-[INFO]: userprofiles:[jack, alex]
[2017-04-01 14:40:54,529]-[MainThread:9028]-[task_id:sqlalchemy.engine.base.Engine]-[log.py:109]-[INFO]: SELECT user_profile.id AS user_profile_id, user_profile.username AS user_profile_username, user_profile.password AS user_profile_password 
FROM user_profile, user_m2m_bindhost 
WHERE %(param_1)s = user_m2m_bindhost.bindhost_id AND user_profile.id = user_m2m_bindhost.userprofile_id
[2017-04-01 14:40:54,529]-[MainThread:9028]-[task_id:sqlalchemy.engine.base.Engine]-[log.py:109]-[INFO]: {'param_1': 1}
[2017-04-01 14:40:54,530]-[MainThread:9028]-[task_id:modules.utils]-[views.py:152]-[DEBUG]: {'username': 'bwtest', 'user2': None, 'password': 'Bewinner', 'auth_type': 'ssh-password'}
[2017-04-01 14:40:54,533]-[MainThread:9028]-[task_id:sqlalchemy.engine.base.Engine]-[log.py:109]-[INFO]: INSERT INTO user_m2m_bindhost (userprofile_id, bindhost_id) VALUES (%(userprofile_id)s, %(bindhost_id)s)
[2017-04-01 14:40:54,533]-[MainThread:9028]-[task_id:sqlalchemy.engine.base.Engine]-[log.py:109]-[INFO]: ({'userprofile_id': 1, 'bindhost_id': 1}, {'userprofile_id': 2, 'bindhost_id': 1})
[2017-04-01 14:40:54,535]-[MainThread:9028]-[task_id:sqlalchemy.engine.base.Engine]-[log.py:109]-[INFO]: SELECT remote_user.id AS remote_user_id, remote_user.auth_type AS remote_user_auth_type, remote_user.username AS remote_user_username, remote_user.password AS remote_user_password 
FROM remote_user 
WHERE remote_user.username = %(username_1)s AND remote_user.password = %(password_1)s 
 LIMIT %(param_1)s
[2017-04-01 14:40:54,536]-[MainThread:9028]-[task_id:sqlalchemy.engine.base.Engine]-[log.py:109]-[INFO]: {'password_1': 'Bewinner', 'username_1': 'bwtest', 'param_1': 1}
[2017-04-01 14:40:54,540]-[MainThread:9028]-[task_id:sqlalchemy.engine.base.Engine]-[log.py:109]-[INFO]: INSERT INTO bind_host (host_id, remoteuser_id) VALUES (%(host_id)s, %(remoteuser_id)s)
[2017-04-01 14:40:54,540]-[MainThread:9028]-[task_id:sqlalchemy.engine.base.Engine]-[log.py:109]-[INFO]: {'remoteuser_id': 2, 'host_id': 3}
[2017-04-01 14:40:54,542]-[MainThread:9028]-[task_id:sqlalchemy.engine.base.Engine]-[log.py:109]-[INFO]: SELECT host_group.id AS host_group_id, host_group.name AS host_group_name 
FROM host_group 
WHERE host_group.name IN (%(name_1)s)
[2017-04-01 14:40:54,543]-[MainThread:9028]-[task_id:sqlalchemy.engine.base.Engine]-[log.py:109]-[INFO]: {'name_1': 'web_devteam'}
[2017-04-01 14:40:54,544]-[MainThread:9028]-[task_id:modules.utils]-[views.py:173]-[INFO]: groups:[web_devteam]
[2017-04-01 14:40:54,545]-[MainThread:9028]-[task_id:sqlalchemy.engine.base.Engine]-[log.py:109]-[INFO]: SELECT host_group.id AS host_group_id, host_group.name AS host_group_name 
FROM host_group, bindhost_m2m_hostgroup 
WHERE %(param_1)s = bindhost_m2m_hostgroup.bindhost_id AND host_group.id = bindhost_m2m_hostgroup.hostgroup_id
[2017-04-01 14:40:54,545]-[MainThread:9028]-[task_id:sqlalchemy.engine.base.Engine]-[log.py:109]-[INFO]: {'param_1': 2}
[2017-04-01 14:40:54,549]-[MainThread:9028]-[task_id:sqlalchemy.engine.base.Engine]-[log.py:109]-[INFO]: INSERT INTO bindhost_m2m_hostgroup (bindhost_id, hostgroup_id) VALUES (%(bindhost_id)s, %(hostgroup_id)s)
[2017-04-01 14:40:54,549]-[MainThread:9028]-[task_id:sqlalchemy.engine.base.Engine]-[log.py:109]-[INFO]: {'hostgroup_id': 1, 'bindhost_id': 2}
[2017-04-01 14:40:54,551]-[MainThread:9028]-[task_id:sqlalchemy.engine.base.Engine]-[log.py:109]-[INFO]: SELECT user_profile.id AS user_profile_id, user_profile.username AS user_profile_username, user_profile.password AS user_profile_password 
FROM user_profile 
WHERE user_profile.username IN (%(username_1)s, %(username_2)s)
[2017-04-01 14:40:54,551]-[MainThread:9028]-[task_id:sqlalchemy.engine.base.Engine]-[log.py:109]-[INFO]: {'username_2': 'jack', 'username_1': 'alex'}
[2017-04-01 14:40:54,552]-[MainThread:9028]-[task_id:modules.utils]-[views.py:180]-[DEBUG]: [jack, alex]
[2017-04-01 14:40:54,552]-[MainThread:9028]-[task_id:modules.utils]-[views.py:182]-[INFO]: userprofiles:[jack, alex]
[2017-04-01 14:40:54,553]-[MainThread:9028]-[task_id:sqlalchemy.engine.base.Engine]-[log.py:109]-[INFO]: SELECT user_profile.id AS user_profile_id, user_profile.username AS user_profile_username, user_profile.password AS user_profile_password 
FROM user_profile, user_m2m_bindhost 
WHERE %(param_1)s = user_m2m_bindhost.bindhost_id AND user_profile.id = user_m2m_bindhost.userprofile_id
[2017-04-01 14:40:54,555]-[MainThread:9028]-[task_id:sqlalchemy.engine.base.Engine]-[log.py:109]-[INFO]: {'param_1': 2}
[2017-04-01 14:40:54,557]-[MainThread:9028]-[task_id:modules.utils]-[views.py:146]-[DEBUG]: bind2:{'hostname': 'server2', 'remote_users': [{'username': 'root', 'password': 'ydyy$Lsup', 'user1': None, 'auth_type': 'ssh-password'}], 'user_profiles': ['alex', 'jack'], 'groups': ['web_devteam']}
[2017-04-01 14:40:54,558]-[MainThread:9028]-[task_id:sqlalchemy.engine.base.Engine]-[log.py:109]-[INFO]: INSERT INTO user_m2m_bindhost (userprofile_id, bindhost_id) VALUES (%(userprofile_id)s, %(bindhost_id)s)
[2017-04-01 14:40:54,559]-[MainThread:9028]-[task_id:sqlalchemy.engine.base.Engine]-[log.py:109]-[INFO]: ({'userprofile_id': 1, 'bindhost_id': 2}, {'userprofile_id': 2, 'bindhost_id': 2})
[2017-04-01 14:40:54,560]-[MainThread:9028]-[task_id:sqlalchemy.engine.base.Engine]-[log.py:109]-[INFO]: SELECT host.id AS host_id, host.hostname AS host_hostname, host.ip AS host_ip, host.port AS host_port 
FROM host 
WHERE host.hostname = %(hostname_1)s 
 LIMIT %(param_1)s
[2017-04-01 14:40:54,560]-[MainThread:9028]-[task_id:sqlalchemy.engine.base.Engine]-[log.py:109]-[INFO]: {'hostname_1': 'server2', 'param_1': 1}
[2017-04-01 14:40:54,561]-[MainThread:9028]-[task_id:modules.utils]-[views.py:149]-[DEBUG]: host_obj---
server2
[2017-04-01 14:40:54,561]-[MainThread:9028]-[task_id:modules.utils]-[views.py:152]-[DEBUG]: {'username': 'root', 'password': 'ydyy$Lsup', 'user1': None, 'auth_type': 'ssh-password'}
[2017-04-01 14:40:54,562]-[MainThread:9028]-[task_id:sqlalchemy.engine.base.Engine]-[log.py:109]-[INFO]: SELECT remote_user.id AS remote_user_id, remote_user.auth_type AS remote_user_auth_type, remote_user.username AS remote_user_username, remote_user.password AS remote_user_password 
FROM remote_user 
WHERE remote_user.username = %(username_1)s AND remote_user.password = %(password_1)s 
 LIMIT %(param_1)s
[2017-04-01 14:40:54,563]-[MainThread:9028]-[task_id:sqlalchemy.engine.base.Engine]-[log.py:109]-[INFO]: {'password_1': 'ydyy$Lsup', 'username_1': 'root', 'param_1': 1}
[2017-04-01 14:40:54,564]-[MainThread:9028]-[task_id:sqlalchemy.engine.base.Engine]-[log.py:109]-[INFO]: INSERT INTO bind_host (host_id, remoteuser_id) VALUES (%(host_id)s, %(remoteuser_id)s)
[2017-04-01 14:40:54,565]-[MainThread:9028]-[task_id:sqlalchemy.engine.base.Engine]-[log.py:109]-[INFO]: {'remoteuser_id': 3, 'host_id': 2}
[2017-04-01 14:40:54,566]-[MainThread:9028]-[task_id:sqlalchemy.engine.base.Engine]-[log.py:109]-[INFO]: SELECT host_group.id AS host_group_id, host_group.name AS host_group_name 
FROM host_group 
WHERE host_group.name IN (%(name_1)s)
[2017-04-01 14:40:54,566]-[MainThread:9028]-[task_id:sqlalchemy.engine.base.Engine]-[log.py:109]-[INFO]: {'name_1': 'web_devteam'}
[2017-04-01 14:40:54,567]-[MainThread:9028]-[task_id:modules.utils]-[views.py:173]-[INFO]: groups:[web_devteam]
[2017-04-01 14:40:54,568]-[MainThread:9028]-[task_id:sqlalchemy.engine.base.Engine]-[log.py:109]-[INFO]: SELECT host_group.id AS host_group_id, host_group.name AS host_group_name 
FROM host_group, bindhost_m2m_hostgroup 
WHERE %(param_1)s = bindhost_m2m_hostgroup.bindhost_id AND host_group.id = bindhost_m2m_hostgroup.hostgroup_id
[2017-04-01 14:40:54,568]-[MainThread:9028]-[task_id:sqlalchemy.engine.base.Engine]-[log.py:109]-[INFO]: {'param_1': 3}
[2017-04-01 14:40:54,571]-[MainThread:9028]-[task_id:sqlalchemy.engine.base.Engine]-[log.py:109]-[INFO]: INSERT INTO bindhost_m2m_hostgroup (bindhost_id, hostgroup_id) VALUES (%(bindhost_id)s, %(hostgroup_id)s)
[2017-04-01 14:40:54,571]-[MainThread:9028]-[task_id:sqlalchemy.engine.base.Engine]-[log.py:109]-[INFO]: {'hostgroup_id': 1, 'bindhost_id': 3}
[2017-04-01 14:40:54,573]-[MainThread:9028]-[task_id:sqlalchemy.engine.base.Engine]-[log.py:109]-[INFO]: SELECT user_profile.id AS user_profile_id, user_profile.username AS user_profile_username, user_profile.password AS user_profile_password 
FROM user_profile 
WHERE user_profile.username IN (%(username_1)s, %(username_2)s)
[2017-04-01 14:40:54,573]-[MainThread:9028]-[task_id:sqlalchemy.engine.base.Engine]-[log.py:109]-[INFO]: {'username_2': 'jack', 'username_1': 'alex'}
[2017-04-01 14:40:54,574]-[MainThread:9028]-[task_id:modules.utils]-[views.py:180]-[DEBUG]: [jack, alex]
[2017-04-01 14:40:54,574]-[MainThread:9028]-[task_id:modules.utils]-[views.py:182]-[INFO]: userprofiles:[jack, alex]
[2017-04-01 14:40:54,575]-[MainThread:9028]-[task_id:sqlalchemy.engine.base.Engine]-[log.py:109]-[INFO]: SELECT user_profile.id AS user_profile_id, user_profile.username AS user_profile_username, user_profile.password AS user_profile_password 
FROM user_profile, user_m2m_bindhost 
WHERE %(param_1)s = user_m2m_bindhost.bindhost_id AND user_profile.id = user_m2m_bindhost.userprofile_id
[2017-04-01 14:40:54,575]-[MainThread:9028]-[task_id:sqlalchemy.engine.base.Engine]-[log.py:109]-[INFO]: {'param_1': 3}
[2017-04-01 14:40:54,578]-[MainThread:9028]-[task_id:sqlalchemy.engine.base.Engine]-[log.py:109]-[INFO]: INSERT INTO user_m2m_bindhost (userprofile_id, bindhost_id) VALUES (%(userprofile_id)s, %(bindhost_id)s)
[2017-04-01 14:40:54,578]-[MainThread:9028]-[task_id:sqlalchemy.engine.base.Engine]-[log.py:109]-[INFO]: ({'userprofile_id': 1, 'bindhost_id': 3}, {'userprofile_id': 2, 'bindhost_id': 3})
[2017-04-01 14:40:54,579]-[MainThread:9028]-[task_id:sqlalchemy.engine.base.Engine]-[log.py:109]-[INFO]: COMMIT
[2017-04-01 14:40:54,642]-[MainThread:9028]-[task_id:modules.utils]-[views.py:186]-[INFO]: create bindhosts sucess!
[2017-04-01 14:44:12,417]-[MainThread:6148]-[task_id:modules.utils]-[views.py:32]-[DEBUG]: source:
{'server2': {'ip': '120.55.87.60', 'port': 65062}, 'server1': {'ip': '120.26.162.19', 'port': 65062}, 'bak_host': {'ip': '114.247.144.209', 'port': 65062}}
[2017-04-01 14:44:12,417]-[MainThread:6148]-[task_id:modules.utils]-[views.py:34]-[DEBUG]: server2:{'ip': '120.55.87.60', 'port': 65062}
[2017-04-01 14:44:12,450]-[MainThread:6148]-[task_id:modules.utils]-[views.py:36]-[INFO]: server2
[2017-04-01 14:44:12,451]-[MainThread:6148]-[task_id:modules.utils]-[views.py:34]-[DEBUG]: server1:{'ip': '120.26.162.19', 'port': 65062}
[2017-04-01 14:44:12,451]-[MainThread:6148]-[task_id:modules.utils]-[views.py:36]-[INFO]: server1
[2017-04-01 14:44:12,451]-[MainThread:6148]-[task_id:modules.utils]-[views.py:34]-[DEBUG]: bak_host:{'ip': '114.247.144.209', 'port': 65062}
[2017-04-01 14:44:12,452]-[MainThread:6148]-[task_id:modules.utils]-[views.py:36]-[INFO]: bak_host
[2017-04-01 14:44:12,465]-[MainThread:6148]-[task_id:sqlalchemy.engine.base.Engine]-[log.py:109]-[INFO]: SHOW VARIABLES LIKE 'sql_mode'
[2017-04-01 14:44:12,465]-[MainThread:6148]-[task_id:sqlalchemy.engine.base.Engine]-[log.py:109]-[INFO]: {}
[2017-04-01 14:44:12,467]-[MainThread:6148]-[task_id:sqlalchemy.engine.base.Engine]-[log.py:109]-[INFO]: SELECT DATABASE()
[2017-04-01 14:44:12,467]-[MainThread:6148]-[task_id:sqlalchemy.engine.base.Engine]-[log.py:109]-[INFO]: {}
[2017-04-01 14:44:12,468]-[MainThread:6148]-[task_id:sqlalchemy.engine.base.Engine]-[log.py:109]-[INFO]: show collation where `Charset` = 'utf8' and `Collation` = 'utf8_bin'
[2017-04-01 14:44:12,468]-[MainThread:6148]-[task_id:sqlalchemy.engine.base.Engine]-[log.py:109]-[INFO]: {}
[2017-04-01 14:44:12,470]-[MainThread:6148]-[task_id:sqlalchemy.engine.base.Engine]-[log.py:109]-[INFO]: SELECT CAST('test plain returns' AS CHAR(60)) AS anon_1
[2017-04-01 14:44:12,470]-[MainThread:6148]-[task_id:sqlalchemy.engine.base.Engine]-[log.py:109]-[INFO]: {}
[2017-04-01 14:44:12,471]-[MainThread:6148]-[task_id:sqlalchemy.engine.base.Engine]-[log.py:109]-[INFO]: SELECT CAST('test unicode returns' AS CHAR(60)) AS anon_1
[2017-04-01 14:44:12,471]-[MainThread:6148]-[task_id:sqlalchemy.engine.base.Engine]-[log.py:109]-[INFO]: {}
[2017-04-01 14:44:12,472]-[MainThread:6148]-[task_id:sqlalchemy.engine.base.Engine]-[log.py:109]-[INFO]: SELECT CAST('test collated returns' AS CHAR CHARACTER SET utf8) COLLATE utf8_bin AS anon_1
[2017-04-01 14:44:12,472]-[MainThread:6148]-[task_id:sqlalchemy.engine.base.Engine]-[log.py:109]-[INFO]: {}
[2017-04-01 14:44:12,474]-[MainThread:6148]-[task_id:sqlalchemy.engine.base.Engine]-[log.py:109]-[INFO]: BEGIN (implicit)
[2017-04-01 14:44:12,476]-[MainThread:6148]-[task_id:sqlalchemy.engine.base.Engine]-[log.py:109]-[INFO]: INSERT INTO host (hostname, ip, port) VALUES (%(hostname)s, %(ip)s, %(port)s)
[2017-04-01 14:44:12,476]-[MainThread:6148]-[task_id:sqlalchemy.engine.base.Engine]-[log.py:109]-[INFO]: {'hostname': 'server2', 'ip': '120.55.87.60', 'port': 65062}
[2017-04-01 14:44:12,478]-[MainThread:6148]-[task_id:sqlalchemy.engine.base.Engine]-[log.py:109]-[INFO]: ROLLBACK
[2017-04-01 14:44:20,371]-[MainThread:11388]-[task_id:sqlalchemy.engine.base.Engine]-[log.py:109]-[INFO]: SHOW VARIABLES LIKE 'sql_mode'
[2017-04-01 14:44:20,372]-[MainThread:11388]-[task_id:sqlalchemy.engine.base.Engine]-[log.py:109]-[INFO]: {}
[2017-04-01 14:44:20,374]-[MainThread:11388]-[task_id:sqlalchemy.engine.base.Engine]-[log.py:109]-[INFO]: SELECT DATABASE()
[2017-04-01 14:44:20,374]-[MainThread:11388]-[task_id:sqlalchemy.engine.base.Engine]-[log.py:109]-[INFO]: {}
[2017-04-01 14:44:20,375]-[MainThread:11388]-[task_id:sqlalchemy.engine.base.Engine]-[log.py:109]-[INFO]: show collation where `Charset` = 'utf8' and `Collation` = 'utf8_bin'
[2017-04-01 14:44:20,375]-[MainThread:11388]-[task_id:sqlalchemy.engine.base.Engine]-[log.py:109]-[INFO]: {}
[2017-04-01 14:44:20,377]-[MainThread:11388]-[task_id:sqlalchemy.engine.base.Engine]-[log.py:109]-[INFO]: SELECT CAST('test plain returns' AS CHAR(60)) AS anon_1
[2017-04-01 14:44:20,377]-[MainThread:11388]-[task_id:sqlalchemy.engine.base.Engine]-[log.py:109]-[INFO]: {}
[2017-04-01 14:44:20,378]-[MainThread:11388]-[task_id:sqlalchemy.engine.base.Engine]-[log.py:109]-[INFO]: SELECT CAST('test unicode returns' AS CHAR(60)) AS anon_1
[2017-04-01 14:44:20,378]-[MainThread:11388]-[task_id:sqlalchemy.engine.base.Engine]-[log.py:109]-[INFO]: {}
[2017-04-01 14:44:20,379]-[MainThread:11388]-[task_id:sqlalchemy.engine.base.Engine]-[log.py:109]-[INFO]: SELECT CAST('test collated returns' AS CHAR CHARACTER SET utf8) COLLATE utf8_bin AS anon_1
[2017-04-01 14:44:20,379]-[MainThread:11388]-[task_id:sqlalchemy.engine.base.Engine]-[log.py:109]-[INFO]: {}
[2017-04-01 14:44:20,380]-[MainThread:11388]-[task_id:sqlalchemy.engine.base.Engine]-[log.py:109]-[INFO]: DESCRIBE `bindhost_m2m_hostgroup`
[2017-04-01 14:44:20,381]-[MainThread:11388]-[task_id:sqlalchemy.engine.base.Engine]-[log.py:109]-[INFO]: {}
[2017-04-01 14:44:20,385]-[MainThread:11388]-[task_id:sqlalchemy.engine.base.Engine]-[log.py:109]-[INFO]: ROLLBACK
[2017-04-01 14:44:20,386]-[MainThread:11388]-[task_id:sqlalchemy.engine.base.Engine]-[log.py:109]-[INFO]: DESCRIBE `host`
[2017-04-01 14:44:20,386]-[MainThread:11388]-[task_id:sqlalchemy.engine.base.Engine]-[log.py:109]-[INFO]: {}
[2017-04-01 14:44:20,392]-[MainThread:11388]-[task_id:sqlalchemy.engine.base.Engine]-[log.py:109]-[INFO]: ROLLBACK
[2017-04-01 14:44:20,392]-[MainThread:11388]-[task_id:sqlalchemy.engine.base.Engine]-[log.py:109]-[INFO]: DESCRIBE `bind_host`
[2017-04-01 14:44:20,392]-[MainThread:11388]-[task_id:sqlalchemy.engine.base.Engine]-[log.py:109]-[INFO]: {}
[2017-04-01 14:44:20,396]-[MainThread:11388]-[task_id:sqlalchemy.engine.base.Engine]-[log.py:109]-[INFO]: ROLLBACK
[2017-04-01 14:44:20,397]-[MainThread:11388]-[task_id:sqlalchemy.engine.base.Engine]-[log.py:109]-[INFO]: DESCRIBE `audit_log`
[2017-04-01 14:44:20,397]-[MainThread:11388]-[task_id:sqlalchemy.engine.base.Engine]-[log.py:109]-[INFO]: {}
[2017-04-01 14:44:20,402]-[MainThread:11388]-[task_id:sqlalchemy.engine.base.Engine]-[log.py:109]-[INFO]: ROLLBACK
[2017-04-01 14:44:20,402]-[MainThread:11388]-[task_id:sqlalchemy.engine.base.Engine]-[log.py:109]-[INFO]: DESCRIBE `user_m2m_bindhost`
[2017-04-01 14:44:20,403]-[MainThread:11388]-[task_id:sqlalchemy.engine.base.Engine]-[log.py:109]-[INFO]: {}
[2017-04-01 14:44:20,407]-[MainThread:11388]-[task_id:sqlalchemy.engine.base.Engine]-[log.py:109]-[INFO]: ROLLBACK
[2017-04-01 14:44:20,408]-[MainThread:11388]-[task_id:sqlalchemy.engine.base.Engine]-[log.py:109]-[INFO]: DESCRIBE `remote_user`
[2017-04-01 14:44:20,408]-[MainThread:11388]-[task_id:sqlalchemy.engine.base.Engine]-[log.py:109]-[INFO]: {}
[2017-04-01 14:44:20,412]-[MainThread:11388]-[task_id:sqlalchemy.engine.base.Engine]-[log.py:109]-[INFO]: ROLLBACK
[2017-04-01 14:44:20,413]-[MainThread:11388]-[task_id:sqlalchemy.engine.base.Engine]-[log.py:109]-[INFO]: DESCRIBE `userprofile_m2m_hostgroup`
[2017-04-01 14:44:20,413]-[MainThread:11388]-[task_id:sqlalchemy.engine.base.Engine]-[log.py:109]-[INFO]: {}
[2017-04-01 14:44:20,418]-[MainThread:11388]-[task_id:sqlalchemy.engine.base.Engine]-[log.py:109]-[INFO]: ROLLBACK
[2017-04-01 14:44:20,419]-[MainThread:11388]-[task_id:sqlalchemy.engine.base.Engine]-[log.py:109]-[INFO]: DESCRIBE `host_group`
[2017-04-01 14:44:20,419]-[MainThread:11388]-[task_id:sqlalchemy.engine.base.Engine]-[log.py:109]-[INFO]: {}
[2017-04-01 14:44:20,423]-[MainThread:11388]-[task_id:sqlalchemy.engine.base.Engine]-[log.py:109]-[INFO]: ROLLBACK
[2017-04-01 14:44:20,424]-[MainThread:11388]-[task_id:sqlalchemy.engine.base.Engine]-[log.py:109]-[INFO]: DESCRIBE `user_profile`
[2017-04-01 14:44:20,424]-[MainThread:11388]-[task_id:sqlalchemy.engine.base.Engine]-[log.py:109]-[INFO]: {}
[2017-04-01 14:44:20,427]-[MainThread:11388]-[task_id:sqlalchemy.engine.base.Engine]-[log.py:109]-[INFO]: ROLLBACK
[2017-04-01 14:44:20,429]-[MainThread:11388]-[task_id:sqlalchemy.engine.base.Engine]-[log.py:109]-[INFO]: 
CREATE TABLE host (
	id INTEGER NOT NULL AUTO_INCREMENT, 
	hostname VARCHAR(64), 
	ip VARCHAR(64), 
	port INTEGER, 
	PRIMARY KEY (id), 
	UNIQUE (hostname), 
	UNIQUE (ip)
)


[2017-04-01 14:44:20,429]-[MainThread:11388]-[task_id:sqlalchemy.engine.base.Engine]-[log.py:109]-[INFO]: {}
[2017-04-01 14:44:20,615]-[MainThread:11388]-[task_id:sqlalchemy.engine.base.Engine]-[log.py:109]-[INFO]: COMMIT
[2017-04-01 14:44:20,616]-[MainThread:11388]-[task_id:sqlalchemy.engine.base.Engine]-[log.py:109]-[INFO]: 
CREATE TABLE remote_user (
	id INTEGER NOT NULL AUTO_INCREMENT, 
	auth_type VARCHAR(255), 
	username VARCHAR(32), 
	password VARCHAR(128), 
	PRIMARY KEY (id), 
	CONSTRAINT _user_passwd_uc UNIQUE (auth_type, username, password)
)


[2017-04-01 14:44:20,617]-[MainThread:11388]-[task_id:sqlalchemy.engine.base.Engine]-[log.py:109]-[INFO]: {}
[2017-04-01 14:44:20,682]-[MainThread:11388]-[task_id:sqlalchemy.engine.base.Engine]-[log.py:109]-[INFO]: COMMIT
[2017-04-01 14:44:20,683]-[MainThread:11388]-[task_id:sqlalchemy.engine.base.Engine]-[log.py:109]-[INFO]: 
CREATE TABLE host_group (
	id INTEGER NOT NULL AUTO_INCREMENT, 
	name VARCHAR(64), 
	PRIMARY KEY (id), 
	UNIQUE (name)
)


[2017-04-01 14:44:20,683]-[MainThread:11388]-[task_id:sqlalchemy.engine.base.Engine]-[log.py:109]-[INFO]: {}
[2017-04-01 14:44:20,765]-[MainThread:11388]-[task_id:sqlalchemy.engine.base.Engine]-[log.py:109]-[INFO]: COMMIT
[2017-04-01 14:44:20,766]-[MainThread:11388]-[task_id:sqlalchemy.engine.base.Engine]-[log.py:109]-[INFO]: 
CREATE TABLE user_profile (
	id INTEGER NOT NULL AUTO_INCREMENT, 
	username VARCHAR(32), 
	password VARCHAR(128), 
	PRIMARY KEY (id), 
	UNIQUE (username)
)


[2017-04-01 14:44:20,766]-[MainThread:11388]-[task_id:sqlalchemy.engine.base.Engine]-[log.py:109]-[INFO]: {}
[2017-04-01 14:44:20,858]-[MainThread:11388]-[task_id:sqlalchemy.engine.base.Engine]-[log.py:109]-[INFO]: COMMIT
[2017-04-01 14:44:20,859]-[MainThread:11388]-[task_id:sqlalchemy.engine.base.Engine]-[log.py:109]-[INFO]: 
CREATE TABLE bind_host (
	id INTEGER NOT NULL AUTO_INCREMENT, 
	host_id INTEGER, 
	remoteuser_id INTEGER, 
	PRIMARY KEY (id), 
	CONSTRAINT _host_remoteuser_uc UNIQUE (host_id, remoteuser_id), 
	FOREIGN KEY(host_id) REFERENCES host (id), 
	FOREIGN KEY(remoteuser_id) REFERENCES remote_user (id)
)


[2017-04-01 14:44:20,859]-[MainThread:11388]-[task_id:sqlalchemy.engine.base.Engine]-[log.py:109]-[INFO]: {}
[2017-04-01 14:44:20,974]-[MainThread:11388]-[task_id:sqlalchemy.engine.base.Engine]-[log.py:109]-[INFO]: COMMIT
[2017-04-01 14:44:20,975]-[MainThread:11388]-[task_id:sqlalchemy.engine.base.Engine]-[log.py:109]-[INFO]: 
CREATE TABLE userprofile_m2m_hostgroup (
	userprofile_id INTEGER, 
	hostgroup_id INTEGER, 
	FOREIGN KEY(userprofile_id) REFERENCES user_profile (id), 
	FOREIGN KEY(hostgroup_id) REFERENCES host_group (id)
)


[2017-04-01 14:44:20,976]-[MainThread:11388]-[task_id:sqlalchemy.engine.base.Engine]-[log.py:109]-[INFO]: {}
[2017-04-01 14:44:21,099]-[MainThread:11388]-[task_id:sqlalchemy.engine.base.Engine]-[log.py:109]-[INFO]: COMMIT
[2017-04-01 14:44:21,101]-[MainThread:11388]-[task_id:sqlalchemy.engine.base.Engine]-[log.py:109]-[INFO]: 
CREATE TABLE bindhost_m2m_hostgroup (
	bindhost_id INTEGER, 
	hostgroup_id INTEGER, 
	FOREIGN KEY(bindhost_id) REFERENCES bind_host (id), 
	FOREIGN KEY(hostgroup_id) REFERENCES host_group (id)
)


[2017-04-01 14:44:21,102]-[MainThread:11388]-[task_id:sqlalchemy.engine.base.Engine]-[log.py:109]-[INFO]: {}
[2017-04-01 14:44:21,250]-[MainThread:11388]-[task_id:sqlalchemy.engine.base.Engine]-[log.py:109]-[INFO]: COMMIT
[2017-04-01 14:44:21,251]-[MainThread:11388]-[task_id:sqlalchemy.engine.base.Engine]-[log.py:109]-[INFO]: 
CREATE TABLE audit_log (
	id INTEGER NOT NULL AUTO_INCREMENT, 
	user_id INTEGER, 
	bind_host_id INTEGER, 
	action_type VARCHAR(255), 
	cmd VARCHAR(255), 
	date DATETIME, 
	PRIMARY KEY (id), 
	FOREIGN KEY(user_id) REFERENCES user_profile (id), 
	FOREIGN KEY(bind_host_id) REFERENCES bind_host (id)
)


[2017-04-01 14:44:21,251]-[MainThread:11388]-[task_id:sqlalchemy.engine.base.Engine]-[log.py:109]-[INFO]: {}
[2017-04-01 14:44:21,427]-[MainThread:11388]-[task_id:sqlalchemy.engine.base.Engine]-[log.py:109]-[INFO]: COMMIT
[2017-04-01 14:44:21,428]-[MainThread:11388]-[task_id:sqlalchemy.engine.base.Engine]-[log.py:109]-[INFO]: 
CREATE TABLE user_m2m_bindhost (
	userprofile_id INTEGER, 
	bindhost_id INTEGER, 
	FOREIGN KEY(userprofile_id) REFERENCES user_profile (id), 
	FOREIGN KEY(bindhost_id) REFERENCES bind_host (id)
)


[2017-04-01 14:44:21,428]-[MainThread:11388]-[task_id:sqlalchemy.engine.base.Engine]-[log.py:109]-[INFO]: {}
[2017-04-01 14:44:21,669]-[MainThread:11388]-[task_id:sqlalchemy.engine.base.Engine]-[log.py:109]-[INFO]: COMMIT
[2017-04-01 14:44:21,670]-[MainThread:11388]-[task_id:modules.utils]-[views.py:14]-[INFO]: create tables sucess!
[2017-04-01 14:46:02,282]-[MainThread:8972]-[task_id:modules.utils]-[views.py:32]-[DEBUG]: source:
{'bak_host': {'port': 65062, 'ip': '114.247.144.209'}, 'server1': {'port': 65062, 'ip': '120.26.162.19'}, 'server2': {'port': 65062, 'ip': '120.55.87.60'}}
[2017-04-01 14:46:02,283]-[MainThread:8972]-[task_id:modules.utils]-[views.py:34]-[DEBUG]: bak_host:{'port': 65062, 'ip': '114.247.144.209'}
[2017-04-01 14:46:02,324]-[MainThread:8972]-[task_id:modules.utils]-[views.py:36]-[INFO]: bak_host
[2017-04-01 14:46:02,324]-[MainThread:8972]-[task_id:modules.utils]-[views.py:34]-[DEBUG]: server1:{'port': 65062, 'ip': '120.26.162.19'}
[2017-04-01 14:46:02,324]-[MainThread:8972]-[task_id:modules.utils]-[views.py:36]-[INFO]: server1
[2017-04-01 14:46:02,325]-[MainThread:8972]-[task_id:modules.utils]-[views.py:34]-[DEBUG]: server2:{'port': 65062, 'ip': '120.55.87.60'}
[2017-04-01 14:46:02,325]-[MainThread:8972]-[task_id:modules.utils]-[views.py:36]-[INFO]: server2
[2017-04-01 14:46:02,337]-[MainThread:8972]-[task_id:sqlalchemy.engine.base.Engine]-[log.py:109]-[INFO]: SHOW VARIABLES LIKE 'sql_mode'
[2017-04-01 14:46:02,339]-[MainThread:8972]-[task_id:sqlalchemy.engine.base.Engine]-[log.py:109]-[INFO]: {}
[2017-04-01 14:46:02,340]-[MainThread:8972]-[task_id:sqlalchemy.engine.base.Engine]-[log.py:109]-[INFO]: SELECT DATABASE()
[2017-04-01 14:46:02,341]-[MainThread:8972]-[task_id:sqlalchemy.engine.base.Engine]-[log.py:109]-[INFO]: {}
[2017-04-01 14:46:02,341]-[MainThread:8972]-[task_id:sqlalchemy.engine.base.Engine]-[log.py:109]-[INFO]: show collation where `Charset` = 'utf8' and `Collation` = 'utf8_bin'
[2017-04-01 14:46:02,342]-[MainThread:8972]-[task_id:sqlalchemy.engine.base.Engine]-[log.py:109]-[INFO]: {}
[2017-04-01 14:46:02,344]-[MainThread:8972]-[task_id:sqlalchemy.engine.base.Engine]-[log.py:109]-[INFO]: SELECT CAST('test plain returns' AS CHAR(60)) AS anon_1
[2017-04-01 14:46:02,345]-[MainThread:8972]-[task_id:sqlalchemy.engine.base.Engine]-[log.py:109]-[INFO]: {}
[2017-04-01 14:46:02,346]-[MainThread:8972]-[task_id:sqlalchemy.engine.base.Engine]-[log.py:109]-[INFO]: SELECT CAST('test unicode returns' AS CHAR(60)) AS anon_1
[2017-04-01 14:46:02,346]-[MainThread:8972]-[task_id:sqlalchemy.engine.base.Engine]-[log.py:109]-[INFO]: {}
[2017-04-01 14:46:02,347]-[MainThread:8972]-[task_id:sqlalchemy.engine.base.Engine]-[log.py:109]-[INFO]: SELECT CAST('test collated returns' AS CHAR CHARACTER SET utf8) COLLATE utf8_bin AS anon_1
[2017-04-01 14:46:02,347]-[MainThread:8972]-[task_id:sqlalchemy.engine.base.Engine]-[log.py:109]-[INFO]: {}
[2017-04-01 14:46:02,349]-[MainThread:8972]-[task_id:sqlalchemy.engine.base.Engine]-[log.py:109]-[INFO]: BEGIN (implicit)
[2017-04-01 14:46:02,350]-[MainThread:8972]-[task_id:sqlalchemy.engine.base.Engine]-[log.py:109]-[INFO]: INSERT INTO host (hostname, ip, port) VALUES (%(hostname)s, %(ip)s, %(port)s)
[2017-04-01 14:46:02,350]-[MainThread:8972]-[task_id:sqlalchemy.engine.base.Engine]-[log.py:109]-[INFO]: {'port': 65062, 'hostname': 'bak_host', 'ip': '114.247.144.209'}
[2017-04-01 14:46:02,369]-[MainThread:8972]-[task_id:sqlalchemy.engine.base.Engine]-[log.py:109]-[INFO]: INSERT INTO host (hostname, ip, port) VALUES (%(hostname)s, %(ip)s, %(port)s)
[2017-04-01 14:46:02,370]-[MainThread:8972]-[task_id:sqlalchemy.engine.base.Engine]-[log.py:109]-[INFO]: {'port': 65062, 'hostname': 'server1', 'ip': '120.26.162.19'}
[2017-04-01 14:46:02,370]-[MainThread:8972]-[task_id:sqlalchemy.engine.base.Engine]-[log.py:109]-[INFO]: INSERT INTO host (hostname, ip, port) VALUES (%(hostname)s, %(ip)s, %(port)s)
[2017-04-01 14:46:02,370]-[MainThread:8972]-[task_id:sqlalchemy.engine.base.Engine]-[log.py:109]-[INFO]: {'port': 65062, 'hostname': 'server2', 'ip': '120.55.87.60'}
[2017-04-01 14:46:02,371]-[MainThread:8972]-[task_id:sqlalchemy.engine.base.Engine]-[log.py:109]-[INFO]: COMMIT
[2017-04-01 14:46:02,658]-[MainThread:8972]-[task_id:modules.utils]-[views.py:39]-[INFO]: create hosts sucess!
[2017-04-01 14:46:26,601]-[MainThread:12704]-[task_id:modules.utils]-[views.py:55]-[DEBUG]: source:
{'user0': {'password': 'Bw$Testsup', 'auth_type': 'ssh-password', 'username': 'root'}, 'user2': {'password': 'Bewinner', 'auth_type': 'ssh-password', 'username': 'bwtest'}, 'user1': {'password': 'ydyy$Lsup', 'auth_type': 'ssh-password', 'username': 'root'}}
[2017-04-01 14:46:26,602]-[MainThread:12704]-[task_id:modules.utils]-[views.py:57]-[DEBUG]: user0:{'password': 'Bw$Testsup', 'auth_type': 'ssh-password', 'username': 'root'}
[2017-04-01 14:46:26,637]-[MainThread:12704]-[task_id:modules.utils]-[views.py:61]-[INFO]: root
[2017-04-01 14:46:26,638]-[MainThread:12704]-[task_id:modules.utils]-[views.py:57]-[DEBUG]: user2:{'password': 'Bewinner', 'auth_type': 'ssh-password', 'username': 'bwtest'}
[2017-04-01 14:46:26,638]-[MainThread:12704]-[task_id:modules.utils]-[views.py:61]-[INFO]: bwtest
[2017-04-01 14:46:26,638]-[MainThread:12704]-[task_id:modules.utils]-[views.py:57]-[DEBUG]: user1:{'password': 'ydyy$Lsup', 'auth_type': 'ssh-password', 'username': 'root'}
[2017-04-01 14:46:26,639]-[MainThread:12704]-[task_id:modules.utils]-[views.py:61]-[INFO]: root
[2017-04-01 14:46:26,717]-[MainThread:12704]-[task_id:modules.utils]-[views.py:64]-[INFO]: create remoteusers sucess!
[2017-04-01 14:46:34,327]-[MainThread:972]-[task_id:modules.utils]-[views.py:81]-[DEBUG]: source:
{'rain': {'password': 'rain123'}, 'alex': {'password': 'alex123'}, 'jack': {'password': 'jack123'}}
[2017-04-01 14:46:34,328]-[MainThread:972]-[task_id:modules.utils]-[views.py:83]-[DEBUG]: rain:{'password': 'rain123'}
[2017-04-01 14:46:34,356]-[MainThread:972]-[task_id:modules.utils]-[views.py:85]-[INFO]: rain
[2017-04-01 14:46:34,357]-[MainThread:972]-[task_id:modules.utils]-[views.py:83]-[DEBUG]: alex:{'password': 'alex123'}
[2017-04-01 14:46:34,357]-[MainThread:972]-[task_id:modules.utils]-[views.py:85]-[INFO]: alex
[2017-04-01 14:46:34,358]-[MainThread:972]-[task_id:modules.utils]-[views.py:83]-[DEBUG]: jack:{'password': 'jack123'}
[2017-04-01 14:46:34,358]-[MainThread:972]-[task_id:modules.utils]-[views.py:85]-[INFO]: jack
[2017-04-01 14:46:34,443]-[MainThread:972]-[task_id:modules.utils]-[views.py:97]-[INFO]: create user sucess!
[2017-04-01 14:46:42,021]-[MainThread:4068]-[task_id:modules.utils]-[views.py:144]-[DEBUG]: source:
{'bind2': {'remote_users': [{'user1': None, 'password': 'ydyy$Lsup', 'username': 'root', 'auth_type': 'ssh-password'}], 'hostname': 'server2', 'user_profiles': ['alex', 'jack'], 'groups': ['web_devteam']}, 'bind1': {'remote_users': [{'user1': None, 'password': 'Bw$Testsup', 'username': 'root', 'auth_type': 'ssh-password'}, {'user2': None, 'password': 'Bewinner', 'username': 'bwtest', 'auth_type': 'ssh-password'}], 'hostname': 'server1', 'user_profiles': ['alex', 'jack'], 'groups': ['web_devteam']}}
[2017-04-01 14:46:42,021]-[MainThread:4068]-[task_id:modules.utils]-[views.py:146]-[DEBUG]: bind2:{'remote_users': [{'user1': None, 'password': 'ydyy$Lsup', 'username': 'root', 'auth_type': 'ssh-password'}], 'hostname': 'server2', 'user_profiles': ['alex', 'jack'], 'groups': ['web_devteam']}
[2017-04-01 14:46:42,066]-[MainThread:4068]-[task_id:modules.utils]-[views.py:149]-[DEBUG]: host_obj---
server2
[2017-04-01 14:46:42,066]-[MainThread:4068]-[task_id:modules.utils]-[views.py:152]-[DEBUG]: {'user1': None, 'password': 'ydyy$Lsup', 'username': 'root', 'auth_type': 'ssh-password'}
[2017-04-01 14:46:49,935]-[MainThread:8444]-[task_id:modules.utils]-[views.py:113]-[DEBUG]: source:
{'web_devteam': {'user_profiles': ['alex', 'rain']}}
[2017-04-01 14:46:49,935]-[MainThread:8444]-[task_id:modules.utils]-[views.py:115]-[DEBUG]: web_devteam:{'user_profiles': ['alex', 'rain']}
[2017-04-01 14:46:49,962]-[MainThread:8444]-[task_id:modules.utils]-[views.py:117]-[INFO]: web_devteam
[2017-04-01 14:46:50,019]-[MainThread:8444]-[task_id:modules.utils]-[views.py:127]-[INFO]: create groups sucess!
[2017-04-01 14:46:59,816]-[MainThread:13456]-[task_id:modules.utils]-[views.py:144]-[DEBUG]: source:
{'bind1': {'hostname': 'server1', 'groups': ['web_devteam'], 'remote_users': [{'auth_type': 'ssh-password', 'user1': None, 'username': 'root', 'password': 'Bw$Testsup'}, {'auth_type': 'ssh-password', 'user2': None, 'username': 'bwtest', 'password': 'Bewinner'}], 'user_profiles': ['alex', 'jack']}, 'bind2': {'hostname': 'server2', 'groups': ['web_devteam'], 'remote_users': [{'auth_type': 'ssh-password', 'user1': None, 'username': 'root', 'password': 'ydyy$Lsup'}], 'user_profiles': ['alex', 'jack']}}
[2017-04-01 14:46:59,816]-[MainThread:13456]-[task_id:modules.utils]-[views.py:146]-[DEBUG]: bind1:{'hostname': 'server1', 'groups': ['web_devteam'], 'remote_users': [{'auth_type': 'ssh-password', 'user1': None, 'username': 'root', 'password': 'Bw$Testsup'}, {'auth_type': 'ssh-password', 'user2': None, 'username': 'bwtest', 'password': 'Bewinner'}], 'user_profiles': ['alex', 'jack']}
[2017-04-01 14:46:59,858]-[MainThread:13456]-[task_id:modules.utils]-[views.py:149]-[DEBUG]: host_obj---
server1
[2017-04-01 14:46:59,858]-[MainThread:13456]-[task_id:modules.utils]-[views.py:152]-[DEBUG]: {'auth_type': 'ssh-password', 'user1': None, 'username': 'root', 'password': 'Bw$Testsup'}
[2017-04-01 14:46:59,864]-[MainThread:13456]-[task_id:modules.utils]-[views.py:173]-[INFO]: groups:[web_devteam]
[2017-04-01 14:46:59,871]-[MainThread:13456]-[task_id:modules.utils]-[views.py:180]-[DEBUG]: [alex, jack]
[2017-04-01 14:46:59,871]-[MainThread:13456]-[task_id:modules.utils]-[views.py:182]-[INFO]: userprofiles:[alex, jack]
[2017-04-01 14:46:59,874]-[MainThread:13456]-[task_id:modules.utils]-[views.py:152]-[DEBUG]: {'auth_type': 'ssh-password', 'user2': None, 'username': 'bwtest', 'password': 'Bewinner'}
[2017-04-01 14:46:59,881]-[MainThread:13456]-[task_id:modules.utils]-[views.py:173]-[INFO]: groups:[web_devteam]
[2017-04-01 14:46:59,886]-[MainThread:13456]-[task_id:modules.utils]-[views.py:180]-[DEBUG]: [alex, jack]
[2017-04-01 14:46:59,887]-[MainThread:13456]-[task_id:modules.utils]-[views.py:182]-[INFO]: userprofiles:[alex, jack]
[2017-04-01 14:46:59,889]-[MainThread:13456]-[task_id:modules.utils]-[views.py:146]-[DEBUG]: bind2:{'hostname': 'server2', 'groups': ['web_devteam'], 'remote_users': [{'auth_type': 'ssh-password', 'user1': None, 'username': 'root', 'password': 'ydyy$Lsup'}], 'user_profiles': ['alex', 'jack']}
[2017-04-01 14:46:59,892]-[MainThread:13456]-[task_id:modules.utils]-[views.py:149]-[DEBUG]: host_obj---
server2
[2017-04-01 14:46:59,893]-[MainThread:13456]-[task_id:modules.utils]-[views.py:152]-[DEBUG]: {'auth_type': 'ssh-password', 'user1': None, 'username': 'root', 'password': 'ydyy$Lsup'}
[2017-04-01 14:46:59,897]-[MainThread:13456]-[task_id:modules.utils]-[views.py:173]-[INFO]: groups:[web_devteam]
[2017-04-01 14:46:59,902]-[MainThread:13456]-[task_id:modules.utils]-[views.py:180]-[DEBUG]: [alex, jack]
[2017-04-01 14:46:59,902]-[MainThread:13456]-[task_id:modules.utils]-[views.py:182]-[INFO]: userprofiles:[alex, jack]
[2017-04-01 14:46:59,936]-[MainThread:13456]-[task_id:modules.utils]-[views.py:186]-[INFO]: create bindhosts sucess!
[2017-04-01 15:07:34,009]-[MainThread:3088]-[task_id:modules.utils]-[utils.py:19]-[ERROR]: Command [audit_recording] does not exist!
[2017-04-01 15:08:33,654]-[MainThread:9284]-[task_id:modules.utils]-[utils.py:19]-[ERROR]: Command [audit_recording] does not exist!
[2017-04-01 15:08:50,415]-[MainThread:4904]-[task_id:modules.utils]-[utils.py:19]-[ERROR]: Command [audit_recording] does not exist!
[2017-04-01 15:11:07,176]-[MainThread:11252]-[task_id:modules.utils]-[utils.py:19]-[ERROR]: Command [audit_user] does not exist!
[2017-04-01 15:17:55,250]-[MainThread:3348]-[task_id:modules.utils]-[views.py:322]-[INFO]: []
[2017-04-01 15:17:55,251]-[MainThread:3348]-[task_id:modules.utils]-[views.py:330]-[INFO]: create hosts sucess!
[2017-04-01 15:18:35,110]-[MainThread:8676]-[task_id:modules.utils]-[views.py:321]-[INFO]: []
[2017-04-01 15:18:35,111]-[MainThread:8676]-[task_id:modules.utils]-[views.py:329]-[INFO]: create hosts sucess!
[2017-04-01 15:19:17,853]-[Thread-1:13188]-[task_id:paramiko.transport]-[transport.py:1567]-[DEBUG]: starting thread (client mode): 0x49e5490
[2017-04-01 15:19:17,854]-[Thread-1:13188]-[task_id:paramiko.transport]-[transport.py:1567]-[DEBUG]: Local version/idstring: SSH-2.0-paramiko_2.1.1
[2017-04-01 15:19:17,872]-[Thread-1:13188]-[task_id:paramiko.transport]-[transport.py:1567]-[DEBUG]: Remote version/idstring: SSH-2.0-OpenSSH_5.3
[2017-04-01 15:19:17,873]-[Thread-1:13188]-[task_id:paramiko.transport]-[transport.py:1567]-[INFO]: Connected (version 2.0, client OpenSSH_5.3)
[2017-04-01 15:19:17,905]-[Thread-1:13188]-[task_id:paramiko.transport]-[transport.py:1567]-[DEBUG]: kex algos:['diffie-hellman-group-exchange-sha256', 'diffie-hellman-group-exchange-sha1', 'diffie-hellman-group14-sha1', 'diffie-hellman-group1-sha1'] server key:['ssh-rsa', 'ssh-dss'] client encrypt:['aes128-ctr', 'aes192-ctr', 'aes256-ctr', 'arcfour256', 'arcfour128', 'aes128-cbc', '3des-cbc', 'blowfish-cbc', 'cast128-cbc', 'aes192-cbc', 'aes256-cbc', 'arcfour', 'rijndael-cbc@lysator.liu.se'] server encrypt:['aes128-ctr', 'aes192-ctr', 'aes256-ctr', 'arcfour256', 'arcfour128', 'aes128-cbc', '3des-cbc', 'blowfish-cbc', 'cast128-cbc', 'aes192-cbc', 'aes256-cbc', 'arcfour', 'rijndael-cbc@lysator.liu.se'] client mac:['hmac-md5', 'hmac-sha1', 'umac-64@openssh.com', 'hmac-sha2-256', 'hmac-sha2-512', 'hmac-ripemd160', 'hmac-ripemd160@openssh.com', 'hmac-sha1-96', 'hmac-md5-96'] server mac:['hmac-md5', 'hmac-sha1', 'umac-64@openssh.com', 'hmac-sha2-256', 'hmac-sha2-512', 'hmac-ripemd160', 'hmac-ripemd160@openssh.com', 'hmac-sha1-96', 'hmac-md5-96'] client compress:['none', 'zlib@openssh.com'] server compress:['none', 'zlib@openssh.com'] client lang:[''] server lang:[''] kex follows?False
[2017-04-01 15:19:17,905]-[Thread-1:13188]-[task_id:paramiko.transport]-[transport.py:1567]-[DEBUG]: Kex agreed: diffie-hellman-group1-sha1
[2017-04-01 15:19:17,906]-[Thread-1:13188]-[task_id:paramiko.transport]-[transport.py:1567]-[DEBUG]: Cipher agreed: aes128-ctr
[2017-04-01 15:19:17,906]-[Thread-1:13188]-[task_id:paramiko.transport]-[transport.py:1567]-[DEBUG]: MAC agreed: hmac-sha2-256
[2017-04-01 15:19:17,906]-[Thread-1:13188]-[task_id:paramiko.transport]-[transport.py:1567]-[DEBUG]: Compression agreed: none
[2017-04-01 15:19:17,975]-[Thread-1:13188]-[task_id:paramiko.transport]-[transport.py:1567]-[DEBUG]: kex engine KexGroup1 specified hash_algo <built-in function openssl_sha1>
[2017-04-01 15:19:17,976]-[Thread-1:13188]-[task_id:paramiko.transport]-[transport.py:1567]-[DEBUG]: Switch to new keys ...
[2017-04-01 15:19:17,982]-[MainThread:13408]-[task_id:paramiko.transport]-[transport.py:1567]-[DEBUG]: Trying discovered key b'4a57184f36a32f8e553662c7c64c6f8b' in C:\Users\zhangrf/.ssh/id_rsa
[2017-04-01 15:19:18,065]-[Thread-1:13188]-[task_id:paramiko.transport]-[transport.py:1567]-[DEBUG]: userauth is OK
[2017-04-01 15:19:18,120]-[Thread-1:13188]-[task_id:paramiko.transport]-[transport.py:1567]-[INFO]: Authentication (publickey) failed.
[2017-04-01 15:19:18,146]-[Thread-1:13188]-[task_id:paramiko.transport]-[transport.py:1567]-[DEBUG]: userauth is OK
[2017-04-01 15:19:19,531]-[Thread-1:13188]-[task_id:paramiko.transport]-[transport.py:1567]-[INFO]: Authentication (password) failed.
[2017-04-01 15:19:19,549]-[Thread-1:13188]-[task_id:paramiko.transport]-[transport.py:1567]-[DEBUG]: EOF in transport thread
[2017-04-01 15:19:44,375]-[Thread-1:8532]-[task_id:paramiko.transport]-[transport.py:1567]-[DEBUG]: starting thread (client mode): 0x4d18a70
[2017-04-01 15:19:44,376]-[Thread-1:8532]-[task_id:paramiko.transport]-[transport.py:1567]-[DEBUG]: Local version/idstring: SSH-2.0-paramiko_2.1.1
[2017-04-01 15:19:44,411]-[Thread-1:8532]-[task_id:paramiko.transport]-[transport.py:1567]-[DEBUG]: Remote version/idstring: SSH-2.0-OpenSSH_5.3
[2017-04-01 15:19:44,412]-[Thread-1:8532]-[task_id:paramiko.transport]-[transport.py:1567]-[INFO]: Connected (version 2.0, client OpenSSH_5.3)
[2017-04-01 15:19:44,436]-[Thread-1:8532]-[task_id:paramiko.transport]-[transport.py:1567]-[DEBUG]: kex algos:['diffie-hellman-group-exchange-sha256', 'diffie-hellman-group-exchange-sha1', 'diffie-hellman-group14-sha1', 'diffie-hellman-group1-sha1'] server key:['ssh-rsa', 'ssh-dss'] client encrypt:['aes128-ctr', 'aes192-ctr', 'aes256-ctr', 'arcfour256', 'arcfour128', 'aes128-cbc', '3des-cbc', 'blowfish-cbc', 'cast128-cbc', 'aes192-cbc', 'aes256-cbc', 'arcfour', 'rijndael-cbc@lysator.liu.se'] server encrypt:['aes128-ctr', 'aes192-ctr', 'aes256-ctr', 'arcfour256', 'arcfour128', 'aes128-cbc', '3des-cbc', 'blowfish-cbc', 'cast128-cbc', 'aes192-cbc', 'aes256-cbc', 'arcfour', 'rijndael-cbc@lysator.liu.se'] client mac:['hmac-md5', 'hmac-sha1', 'umac-64@openssh.com', 'hmac-sha2-256', 'hmac-sha2-512', 'hmac-ripemd160', 'hmac-ripemd160@openssh.com', 'hmac-sha1-96', 'hmac-md5-96'] server mac:['hmac-md5', 'hmac-sha1', 'umac-64@openssh.com', 'hmac-sha2-256', 'hmac-sha2-512', 'hmac-ripemd160', 'hmac-ripemd160@openssh.com', 'hmac-sha1-96', 'hmac-md5-96'] client compress:['none', 'zlib@openssh.com'] server compress:['none', 'zlib@openssh.com'] client lang:[''] server lang:[''] kex follows?False
[2017-04-01 15:19:44,436]-[Thread-1:8532]-[task_id:paramiko.transport]-[transport.py:1567]-[DEBUG]: Kex agreed: diffie-hellman-group1-sha1
[2017-04-01 15:19:44,437]-[Thread-1:8532]-[task_id:paramiko.transport]-[transport.py:1567]-[DEBUG]: Cipher agreed: aes128-ctr
[2017-04-01 15:19:44,437]-[Thread-1:8532]-[task_id:paramiko.transport]-[transport.py:1567]-[DEBUG]: MAC agreed: hmac-sha2-256
[2017-04-01 15:19:44,437]-[Thread-1:8532]-[task_id:paramiko.transport]-[transport.py:1567]-[DEBUG]: Compression agreed: none
[2017-04-01 15:19:44,504]-[Thread-1:8532]-[task_id:paramiko.transport]-[transport.py:1567]-[DEBUG]: kex engine KexGroup1 specified hash_algo <built-in function openssl_sha1>
[2017-04-01 15:19:44,505]-[Thread-1:8532]-[task_id:paramiko.transport]-[transport.py:1567]-[DEBUG]: Switch to new keys ...
[2017-04-01 15:19:44,511]-[MainThread:7364]-[task_id:paramiko.transport]-[transport.py:1567]-[DEBUG]: Trying discovered key b'4a57184f36a32f8e553662c7c64c6f8b' in C:\Users\zhangrf/.ssh/id_rsa
[2017-04-01 15:19:44,591]-[Thread-1:8532]-[task_id:paramiko.transport]-[transport.py:1567]-[DEBUG]: userauth is OK
[2017-04-01 15:19:44,646]-[Thread-1:8532]-[task_id:paramiko.transport]-[transport.py:1567]-[INFO]: Authentication (publickey) failed.
[2017-04-01 15:19:44,670]-[Thread-1:8532]-[task_id:paramiko.transport]-[transport.py:1567]-[DEBUG]: userauth is OK
[2017-04-01 15:19:44,719]-[Thread-1:8532]-[task_id:paramiko.transport]-[transport.py:1567]-[INFO]: Authentication (password) successful!
[2017-04-01 15:19:44,719]-[MainThread:7364]-[task_id:paramiko.transport]-[channel.py:1147]-[DEBUG]: [chan 0] Max packet in: 32768 bytes
[2017-04-01 15:19:44,742]-[Thread-1:8532]-[task_id:paramiko.transport]-[channel.py:1147]-[DEBUG]: [chan 0] Max packet out: 32768 bytes
[2017-04-01 15:19:44,742]-[Thread-1:8532]-[task_id:paramiko.transport]-[transport.py:1567]-[DEBUG]: Secsh channel 0 opened.
[2017-04-01 15:19:44,766]-[Thread-1:8532]-[task_id:paramiko.transport]-[channel.py:1147]-[DEBUG]: [chan 0] Sesch channel 0 request ok
[2017-04-01 15:19:44,788]-[Thread-1:8532]-[task_id:paramiko.transport]-[channel.py:1147]-[DEBUG]: [chan 0] Sesch channel 0 request ok
[2017-04-01 15:19:59,485]-[Thread-1:8532]-[task_id:paramiko.transport]-[channel.py:1147]-[DEBUG]: [chan 0] EOF received (0)
[2017-04-01 15:19:59,486]-[Thread-1:8532]-[task_id:paramiko.transport]-[channel.py:1147]-[DEBUG]: [chan 0] EOF sent (0)
[2017-04-01 15:20:15,128]-[MainThread:7512]-[task_id:modules.utils]-[views.py:321]-[INFO]: [<models.models.AuditLog object at 0x04102950>, <models.models.AuditLog object at 0x041029B0>, <models.models.AuditLog object at 0x04102A10>, <models.models.AuditLog object at 0x04102A70>, <models.models.AuditLog object at 0x04102AF0>]
[2017-04-01 15:34:31,394]-[MainThread:4280]-[task_id:modules.utils]-[views.py:323]-[INFO]: [<models.models.AuditLog object at 0x03EE5130>, <models.models.AuditLog object at 0x03EE5170>, <models.models.AuditLog object at 0x03EE51D0>, <models.models.AuditLog object at 0x03EE5230>, <models.models.AuditLog object at 0x03EE52B0>]
[2017-04-01 15:35:05,619]-[MainThread:10204]-[task_id:modules.utils]-[views.py:323]-[INFO]: [<models.models.AuditLog object at 0x04BE40D0>, <models.models.AuditLog object at 0x04BE4110>, <models.models.AuditLog object at 0x04BE4170>, <models.models.AuditLog object at 0x04BE41D0>, <models.models.AuditLog object at 0x04BE4250>]
[2017-04-01 15:35:47,854]-[MainThread:10936]-[task_id:modules.utils]-[views.py:323]-[INFO]: [<models.models.AuditLog object at 0x04C340D0>, <models.models.AuditLog object at 0x04C34110>, <models.models.AuditLog object at 0x04C34170>, <models.models.AuditLog object at 0x04C341D0>, <models.models.AuditLog object at 0x04C34250>]
[2017-04-01 15:36:08,747]-[MainThread:8376]-[task_id:modules.utils]-[views.py:323]-[INFO]: [<models.models.AuditLog object at 0x03EE40D0>, <models.models.AuditLog object at 0x03EE4110>, <models.models.AuditLog object at 0x03EE4170>, <models.models.AuditLog object at 0x03EE41D0>, <models.models.AuditLog object at 0x03EE4250>]
[2017-04-01 15:36:46,372]-[MainThread:11644]-[task_id:modules.utils]-[views.py:323]-[INFO]: [<models.models.AuditLog object at 0x041140D0>, <models.models.AuditLog object at 0x04114110>, <models.models.AuditLog object at 0x04114170>, <models.models.AuditLog object at 0x041141D0>, <models.models.AuditLog object at 0x04114250>]
[2017-04-01 15:37:04,077]-[MainThread:9824]-[task_id:modules.utils]-[views.py:323]-[INFO]: [<models.models.AuditLog object at 0x03F840D0>, <models.models.AuditLog object at 0x03F84110>, <models.models.AuditLog object at 0x03F84170>, <models.models.AuditLog object at 0x03F841D0>, <models.models.AuditLog object at 0x03F84250>]
[2017-04-01 15:37:04,086]-[MainThread:9824]-[task_id:modules.utils]-[views.py:341]-[INFO]: + - - - - - - - - + - - - - - - - - + - - - - - - - - - - - - - + - - - - - + - - - - - - - - - - + - - - - - - - - - - - - - - - - - - - - - - - - - - - - - - - + - - - - + - - - - - - - - - - - - - - - - - - - +
|    UserName     |    HostName     |            IP             |   Port    |     RemoteUser      |                          ActionType                           |   CMD   |               DateTime                | 
+ - - - - - - - - + - - - - - - - - + - - - - - - - - - - - - - + - - - - - + - - - - - - - - - - + - - - - - - - - - - - - - - - - - - - - - - - - - - - - - - - + - - - - + - - - - - - - - - - - - - - - - - - - +
|      alex       |     server1     |       120.26.162.19       |   65062   |       bwtest        |                Choice(code=login, value=Login)                |  None   |          2017-04-01 15:19:44          |
+ - - - - - - - - + - - - - - - - - + - - - - - - - - - - - - - + - - - - - + - - - - - - - - - - + - - - - - - - - - - - - - - - - - - - - - - - - - - - - - - - + - - - - + - - - - - - - - - - - - - - - - - - - +
|      alex       |     server1     |       120.26.162.19       |   65062   |       bwtest        |                  Choice(code=cmd, value=CMD)                  |   pwd   |          2017-04-01 15:19:46          |
+ - - - - - - - - + - - - - - - - - + - - - - - - - - - - - - - + - - - - - + - - - - - - - - - - + - - - - - - - - - - - - - - - - - - - - - - - - - - - - - - - + - - - - + - - - - - - - - - - - - - - - - - - - +
|      alex       |     server1     |       120.26.162.19       |   65062   |       bwtest        |                  Choice(code=cmd, value=CMD)                  |   pwd   |          2017-04-01 15:19:47          |
+ - - - - - - - - + - - - - - - - - + - - - - - - - - - - - - - + - - - - - + - - - - - - - - - - + - - - - - - - - - - - - - - - - - - - - - - - - - - - - - - - + - - - - + - - - - - - - - - - - - - - - - - - - +
|      alex       |     server1     |       120.26.162.19       |   65062   |       bwtest        |                  Choice(code=cmd, value=CMD)                  |   ll    |          2017-04-01 15:19:48          |
+ - - - - - - - - + - - - - - - - - + - - - - - - - - - - - - - + - - - - - + - - - - - - - - - - + - - - - - - - - - - - - - - - - - - - - - - - - - - - - - - - + - - - - + - - - - - - - - - - - - - - - - - - - +
|      alex       |     server1     |       120.26.162.19       |   65062   |       bwtest        |                  Choice(code=cmd, value=CMD)                  |  exit   |          2017-04-01 15:19:59          |
+ - - - - - - - - + - - - - - - - - + - - - - - - - - - - - - - + - - - - - + - - - - - - - - - - + - - - - - - - - - - - - - - - - - - - - - - - - - - - - - - - + - - - - + - - - - - - - - - - - - - - - - - - - +

[2017-04-01 15:37:04,097]-[MainThread:9824]-[task_id:modules.utils]-[views.py:342]-[INFO]: create hosts sucess!
[2017-04-01 15:41:01,100]-[MainThread:13296]-[task_id:modules.utils]-[views.py:323]-[INFO]: [<models.models.AuditLog object at 0x041140D0>, <models.models.AuditLog object at 0x04114110>, <models.models.AuditLog object at 0x04114170>, <models.models.AuditLog object at 0x041141D0>, <models.models.AuditLog object at 0x04114250>]
[2017-04-01 15:41:01,107]-[MainThread:13296]-[task_id:modules.utils]-[views.py:341]-[INFO]: + - - - - - - - - + - - - - - - - - + - - - - - - - - - - - - - + - - - - - + - - - - - - - - - - + - - - - - - - - - - - - - - - - - - - - - - - - - - - - - - - + - - - - + - - - - - - - - - - - - - - - - - - - +
|    UserName     |    HostName     |            IP             |   Port    |     RemoteUser      |                          ActionType                           |   CMD   |               DateTime                | 
+ - - - - - - - - + - - - - - - - - + - - - - - - - - - - - - - + - - - - - + - - - - - - - - - - + - - - - - - - - - - - - - - - - - - - - - - - - - - - - - - - + - - - - + - - - - - - - - - - - - - - - - - - - +
|      alex       |     server1     |       120.26.162.19       |   65062   |       bwtest        |                Choice(code=login, value=Login)                |  None   |          2017-04-01 15:19:44          |
+ - - - - - - - - + - - - - - - - - + - - - - - - - - - - - - - + - - - - - + - - - - - - - - - - + - - - - - - - - - - - - - - - - - - - - - - - - - - - - - - - + - - - - + - - - - - - - - - - - - - - - - - - - +
|      alex       |     server1     |       120.26.162.19       |   65062   |       bwtest        |                  Choice(code=cmd, value=CMD)                  |   pwd   |          2017-04-01 15:19:46          |
+ - - - - - - - - + - - - - - - - - + - - - - - - - - - - - - - + - - - - - + - - - - - - - - - - + - - - - - - - - - - - - - - - - - - - - - - - - - - - - - - - + - - - - + - - - - - - - - - - - - - - - - - - - +
|      alex       |     server1     |       120.26.162.19       |   65062   |       bwtest        |                  Choice(code=cmd, value=CMD)                  |   pwd   |          2017-04-01 15:19:47          |
+ - - - - - - - - + - - - - - - - - + - - - - - - - - - - - - - + - - - - - + - - - - - - - - - - + - - - - - - - - - - - - - - - - - - - - - - - - - - - - - - - + - - - - + - - - - - - - - - - - - - - - - - - - +
|      alex       |     server1     |       120.26.162.19       |   65062   |       bwtest        |                  Choice(code=cmd, value=CMD)                  |   ll    |          2017-04-01 15:19:48          |
+ - - - - - - - - + - - - - - - - - + - - - - - - - - - - - - - + - - - - - + - - - - - - - - - - + - - - - - - - - - - - - - - - - - - - - - - - - - - - - - - - + - - - - + - - - - - - - - - - - - - - - - - - - +
|      alex       |     server1     |       120.26.162.19       |   65062   |       bwtest        |                  Choice(code=cmd, value=CMD)                  |  exit   |          2017-04-01 15:19:59          |
+ - - - - - - - - + - - - - - - - - + - - - - - - - - - - - - - + - - - - - + - - - - - - - - - - + - - - - - - - - - - - - - - - - - - - - - - - - - - - - - - - + - - - - + - - - - - - - - - - - - - - - - - - - +

[2017-04-01 15:41:01,117]-[MainThread:13296]-[task_id:modules.utils]-[views.py:342]-[INFO]: create hosts sucess!
[2017-04-01 15:47:43,130]-[MainThread:6444]-[task_id:modules.utils]-[views.py:323]-[INFO]: [<models.models.AuditLog object at 0x048940D0>, <models.models.AuditLog object at 0x04894110>, <models.models.AuditLog object at 0x04894170>, <models.models.AuditLog object at 0x048941D0>, <models.models.AuditLog object at 0x04894250>]
[2017-04-01 15:48:01,275]-[MainThread:2536]-[task_id:modules.utils]-[views.py:323]-[INFO]: [<models.models.AuditLog object at 0x041240D0>, <models.models.AuditLog object at 0x04124110>, <models.models.AuditLog object at 0x04124170>, <models.models.AuditLog object at 0x041241D0>, <models.models.AuditLog object at 0x04124250>]
[2017-04-01 15:49:47,047]-[MainThread:6848]-[task_id:modules.utils]-[views.py:323]-[INFO]: [<models.models.AuditLog object at 0x046B40D0>, <models.models.AuditLog object at 0x046B4110>, <models.models.AuditLog object at 0x046B4170>, <models.models.AuditLog object at 0x046B41D0>, <models.models.AuditLog object at 0x046B4250>]
[2017-04-01 15:52:09,982]-[MainThread:12024]-[task_id:modules.utils]-[views.py:323]-[INFO]: [<models.models.AuditLog object at 0x04AF40D0>, <models.models.AuditLog object at 0x04AF4110>, <models.models.AuditLog object at 0x04AF4170>, <models.models.AuditLog object at 0x04AF41D0>, <models.models.AuditLog object at 0x04AF4250>]
[2017-04-01 15:52:09,989]-[MainThread:12024]-[task_id:modules.utils]-[views.py:351]-[INFO]: + - - - - - - - - + - - - - - - - - + - - - - - - - - - - - - - + - - - - - + - - - - - - - - - - + - - - - - - - - - - + - - - - + - - - - - - - - - - - - - - - - - - - +
|    UserName     |    HostName     |            IP             |   Port    |     RemoteUser      |     ActionType      |   CMD   |               DateTime                | 
+ - - - - - - - - + - - - - - - - - + - - - - - - - - - - - - - + - - - - - + - - - - - - - - - - + - - - - - - - - - - + - - - - + - - - - - - - - - - - - - - - - - - - +
|      alex       |     server1     |       120.26.162.19       |   65062   |       bwtest        |        Login        |  None   |          2017-04-01 15:19:44          |
+ - - - - - - - - + - - - - - - - - + - - - - - - - - - - - - - + - - - - - + - - - - - - - - - - + - - - - - - - - - - + - - - - + - - - - - - - - - - - - - - - - - - - +
|      alex       |     server1     |       120.26.162.19       |   65062   |       bwtest        |         CMD         |   pwd   |          2017-04-01 15:19:46          |
+ - - - - - - - - + - - - - - - - - + - - - - - - - - - - - - - + - - - - - + - - - - - - - - - - + - - - - - - - - - - + - - - - + - - - - - - - - - - - - - - - - - - - +
|      alex       |     server1     |       120.26.162.19       |   65062   |       bwtest        |         CMD         |   pwd   |          2017-04-01 15:19:47          |
+ - - - - - - - - + - - - - - - - - + - - - - - - - - - - - - - + - - - - - + - - - - - - - - - - + - - - - - - - - - - + - - - - + - - - - - - - - - - - - - - - - - - - +
|      alex       |     server1     |       120.26.162.19       |   65062   |       bwtest        |         CMD         |   ll    |          2017-04-01 15:19:48          |
+ - - - - - - - - + - - - - - - - - + - - - - - - - - - - - - - + - - - - - + - - - - - - - - - - + - - - - - - - - - - + - - - - + - - - - - - - - - - - - - - - - - - - +
|      alex       |     server1     |       120.26.162.19       |   65062   |       bwtest        |         CMD         |  exit   |          2017-04-01 15:19:59          |
+ - - - - - - - - + - - - - - - - - + - - - - - - - - - - - - - + - - - - - + - - - - - - - - - - + - - - - - - - - - - + - - - - + - - - - - - - - - - - - - - - - - - - +

[2017-04-01 15:52:09,997]-[MainThread:12024]-[task_id:modules.utils]-[views.py:352]-[INFO]: create hosts sucess!
[2017-04-01 15:52:34,469]-[MainThread:4776]-[task_id:modules.utils]-[views.py:323]-[INFO]: [<models.models.AuditLog object at 0x04A940D0>, <models.models.AuditLog object at 0x04A94110>, <models.models.AuditLog object at 0x04A94170>, <models.models.AuditLog object at 0x04A941D0>, <models.models.AuditLog object at 0x04A94250>]
[2017-04-01 15:52:34,476]-[MainThread:4776]-[task_id:modules.utils]-[views.py:351]-[INFO]: + - - - - - - - - + - - - - - - - - + - - - - - - - - - - - - - + - - - - - + - - - - - - - - - - + - - - - - - - - - - + - - - - + - - - - - - - - - - - - - - - - - - - +
|    UserName     |    HostName     |            IP             |   Port    |     RemoteUser      |     ActionType      |   CMD   |               DateTime                | 
+ - - - - - - - - + - - - - - - - - + - - - - - - - - - - - - - + - - - - - + - - - - - - - - - - + - - - - - - - - - - + - - - - + - - - - - - - - - - - - - - - - - - - +
|      alex       |     server1     |       120.26.162.19       |   65062   |       bwtest        |        Login        |  None   |          2017-04-01 15:19:44          |
+ - - - - - - - - + - - - - - - - - + - - - - - - - - - - - - - + - - - - - + - - - - - - - - - - + - - - - - - - - - - + - - - - + - - - - - - - - - - - - - - - - - - - +
|      alex       |     server1     |       120.26.162.19       |   65062   |       bwtest        |         CMD         |   pwd   |          2017-04-01 15:19:46          |
+ - - - - - - - - + - - - - - - - - + - - - - - - - - - - - - - + - - - - - + - - - - - - - - - - + - - - - - - - - - - + - - - - + - - - - - - - - - - - - - - - - - - - +
|      alex       |     server1     |       120.26.162.19       |   65062   |       bwtest        |         CMD         |   pwd   |          2017-04-01 15:19:47          |
+ - - - - - - - - + - - - - - - - - + - - - - - - - - - - - - - + - - - - - + - - - - - - - - - - + - - - - - - - - - - + - - - - + - - - - - - - - - - - - - - - - - - - +
|      alex       |     server1     |       120.26.162.19       |   65062   |       bwtest        |         CMD         |   ll    |          2017-04-01 15:19:48          |
+ - - - - - - - - + - - - - - - - - + - - - - - - - - - - - - - + - - - - - + - - - - - - - - - - + - - - - - - - - - - + - - - - + - - - - - - - - - - - - - - - - - - - +
|      alex       |     server1     |       120.26.162.19       |   65062   |       bwtest        |         CMD         |  exit   |          2017-04-01 15:19:59          |
+ - - - - - - - - + - - - - - - - - + - - - - - - - - - - - - - + - - - - - + - - - - - - - - - - + - - - - - - - - - - + - - - - + - - - - - - - - - - - - - - - - - - - +

[2017-04-01 15:52:34,484]-[MainThread:4776]-[task_id:modules.utils]-[views.py:352]-[INFO]: create hosts sucess!
[2017-04-01 15:54:46,813]-[MainThread:5728]-[task_id:modules.utils]-[utils.py:19]-[ERROR]: Wrong username...
[2017-04-01 15:55:16,376]-[MainThread:9212]-[task_id:modules.utils]-[views.py:325]-[INFO]: []
